<?xml version="1.0" encoding="UTF-8"?>
<!-- Generated by org.testng.reporters.JUnitXMLReporter -->
<testsuite ignored="0" hostname="Amol" failures="0" tests="2" name="Default test" time="39.475" errors="0" timestamp="2022-03-07T16:41:30 IST">
  <testcase classname="com.pom.Pagefactory.Datadriven.TestNG.BaseClass.Utility.LisnersProperty.LoginTestClass" name="verificationOfInitials" time="6.783"/>
  <testcase classname="com.pom.Pagefactory.Datadriven.TestNG.BaseClass.Utility.LisnersProperty.LoginTestClass" name="verificationOfLogo" time="1.638"/>
</testsuite> <!-- Default test -->
